[0702/103829.359:ERROR:process_memory_win.cc(73)] ReadMemory at 0x7ff608020000 of 64 bytes failed: Only part of a ReadProcessMemory or WriteProcessMemory request was completed. (0x12B)
[0702/103829.361:WARNING:pe_image_reader.cc(340)] could not read dos header from C:\Program Files (x86)\Google\Chrome\Application\chrome.exe
[0702/103829.361:ERROR:process_memory_win.cc(73)] ReadMemory at 0x7fffdd160000 of 64 bytes failed: Only part of a ReadProcessMemory or WriteProcessMemory request was completed. (0x12B)
[0702/103829.361:WARNING:pe_image_reader.cc(340)] could not read dos header from C:\Windows\SYSTEM32\ntdll.dll
[0702/103829.361:ERROR:process_memory_win.cc(73)] ReadMemory at 0x7fffdc8e0000 of 64 bytes failed: Only part of a ReadProcessMemory or WriteProcessMemory request was completed. (0x12B)
[0702/103829.361:WARNING:pe_image_reader.cc(340)] could not read dos header from C:\Windows\System32\KERNEL32.DLL
[0702/103829.361:ERROR:process_memory_win.cc(73)] ReadMemory at 0x7fffda0f0000 of 64 bytes failed: Only part of a ReadProcessMemory or WriteProcessMemory request was completed. (0x12B)
[0702/103829.361:WARNING:pe_image_reader.cc(340)] could not read dos header from C:\Windows\System32\KERNELBASE.dll
[0702/103829.361:ERROR:process_memory_win.cc(73)] ReadMemory at 0x7fffa8600000 of 64 bytes failed: Only part of a ReadProcessMemory or WriteProcessMemory request was completed. (0x12B)
[0702/103829.361:WARNING:pe_image_reader.cc(340)] could not read dos header from C:\Program Files (x86)\Google\Chrome\Application\83.0.4103.116\chrome_elf.dll
[0702/103829.361:ERROR:process_memory_win.cc(73)] ReadMemory at 0x7fffd1a80000 of 64 bytes failed: Only part of a ReadProcessMemory or WriteProcessMemory request was completed. (0x12B)
[0702/103829.362:WARNING:pe_image_reader.cc(340)] could not read dos header from C:\Windows\SYSTEM32\VERSION.dll
[0702/103829.362:ERROR:process_memory_win.cc(73)] ReadMemory at 0x7fffdb480000 of 64 bytes failed: Only part of a ReadProcessMemory or WriteProcessMemory request was completed. (0x12B)
[0702/103829.362:WARNING:pe_image_reader.cc(340)] could not read dos header from C:\Windows\System32\msvcrt.dll
[0702/103829.362:ERROR:process_memory_win.cc(73)] ReadMemory at 0x7fffda6f0000 of 64 bytes failed: Only part of a ReadProcessMemory or WriteProcessMemory request was completed. (0x12B)
[0702/103829.362:WARNING:pe_image_reader.cc(340)] could not read dos header from C:\Windows\System32\bcryptPrimitives.dll
[0702/103829.362:ERROR:process_memory_win.cc(73)] ReadMemory at 0x7fffdc080000 of 64 bytes failed: Only part of a ReadProcessMemory or WriteProcessMemory request was completed. (0x12B)
[0702/103829.362:WARNING:pe_image_reader.cc(340)] could not read dos header from C:\Windows\System32\ADVAPI32.dll
[0702/103829.362:ERROR:process_memory_win.cc(73)] ReadMemory at 0x7fffdc130000 of 64 bytes failed: Only part of a ReadProcessMemory or WriteProcessMemory request was completed. (0x12B)
[0702/103829.362:WARNING:pe_image_reader.cc(340)] could not read dos header from C:\Windows\System32\sechost.dll
[0702/103829.362:ERROR:process_memory_win.cc(73)] ReadMemory at 0x7fffdc7c0000 of 64 bytes failed: Only part of a ReadProcessMemory or WriteProcessMemory request was completed. (0x12B)
[0702/103829.362:WARNING:pe_image_reader.cc(340)] could not read dos header from C:\Windows\System32\RPCRT4.dll
[0702/103829.362:ERROR:process_memory_win.cc(73)] ReadMemory at 0x7fff8c110000 of 64 bytes failed: Only part of a ReadProcessMemory or WriteProcessMemory request was completed. (0x12B)
[0702/103829.362:WARNING:pe_image_reader.cc(340)] could not read dos header from C:\Program Files (x86)\Google\Chrome\Application\83.0.4103.116\chrome.dll
[0702/103829.362:ERROR:process_memory_win.cc(73)] ReadMemory at 0x7fffdc3a0000 of 64 bytes failed: Only part of a ReadProcessMemory or WriteProcessMemory request was completed. (0x12B)
[0702/103829.362:WARNING:pe_image_reader.cc(340)] could not read dos header from C:\Windows\System32\WS2_32.dll
[0702/103829.362:ERROR:process_memory_win.cc(73)] ReadMemory at 0x7fffdb590000 of 64 bytes failed: Only part of a ReadProcessMemory or WriteProcessMemory request was completed. (0x12B)
[0702/103829.362:WARNING:pe_image_reader.cc(340)] could not read dos header from C:\Windows\System32\OLEAUT32.dll
[0702/103829.362:ERROR:process_memory_win.cc(73)] ReadMemory at 0x7fffda650000 of 64 bytes failed: Only part of a ReadProcessMemory or WriteProcessMemory request was completed. (0x12B)
[0702/103829.362:WARNING:pe_image_reader.cc(340)] could not read dos header from C:\Windows\System32\msvcp_win.dll
[0702/103829.362:ERROR:process_memory_win.cc(73)] ReadMemory at 0x7fffdb110000 of 64 bytes failed: Only part of a ReadProcessMemory or WriteProcessMemory request was completed. (0x12B)
[0702/103829.362:WARNING:pe_image_reader.cc(340)] could not read dos header from C:\Windows\System32\ucrtbase.dll
[0702/103829.362:ERROR:process_memory_win.cc(73)] ReadMemory at 0x7fffdc410000 of 64 bytes failed: Only part of a ReadProcessMemory or WriteProcessMemory request was completed. (0x12B)
[0702/103829.362:WARNING:pe_image_reader.cc(340)] could not read dos header from C:\Windows\System32\combase.dll
[0702/103829.363:ERROR:process_memory_win.cc(73)] ReadMemory at 0x7fffdb0b0000 of 64 bytes failed: Only part of a ReadProcessMemory or WriteProcessMemory request was completed. (0x12B)
[0702/103829.363:WARNING:pe_image_reader.cc(340)] could not read dos header from C:\Windows\System32\WINTRUST.dll
[0702/103829.363:ERROR:process_memory_win.cc(73)] ReadMemory at 0x7fffda0a0000 of 64 bytes failed: Only part of a ReadProcessMemory or WriteProcessMemory request was completed. (0x12B)
[0702/103829.363:WARNING:pe_image_reader.cc(340)] could not read dos header from C:\Windows\System32\MSASN1.dll
[0702/103829.363:ERROR:process_memory_win.cc(73)] ReadMemory at 0x7fffda7e0000 of 64 bytes failed: Only part of a ReadProcessMemory or WriteProcessMemory request was completed. (0x12B)
[0702/103829.363:WARNING:pe_image_reader.cc(340)] could not read dos header from C:\Windows\System32\CRYPT32.dll
[0702/103829.363:ERROR:process_memory_win.cc(73)] ReadMemory at 0x7fffd95a0000 of 64 bytes failed: Only part of a ReadProcessMemory or WriteProcessMemory request was completed. (0x12B)
[0702/103829.363:WARNING:pe_image_reader.cc(340)] could not read dos header from C:\Windows\SYSTEM32\IPHLPAPI.DLL
[0702/103829.363:ERROR:process_memory_win.cc(73)] ReadMemory at 0x7fffd6cb0000 of 64 bytes failed: Only part of a ReadProcessMemory or WriteProcessMemory request was completed. (0x12B)
[0702/103829.363:WARNING:pe_image_reader.cc(340)] could not read dos header from C:\Windows\SYSTEM32\WINMM.dll
[0702/103829.363:ERROR:process_memory_win.cc(73)] ReadMemory at 0x7fffbadb0000 of 64 bytes failed: Only part of a ReadProcessMemory or WriteProcessMemory request was completed. (0x12B)
[0702/103829.363:WARNING:pe_image_reader.cc(340)] could not read dos header from C:\Windows\SYSTEM32\Secur32.dll
[0702/103829.363:ERROR:process_memory_win.cc(73)] ReadMemory at 0x7fffd9f40000 of 64 bytes failed: Only part of a ReadProcessMemory or WriteProcessMemory request was completed. (0x12B)
[0702/103829.363:WARNING:pe_image_reader.cc(340)] could not read dos header from C:\Windows\SYSTEM32\USERENV.dll
[0702/103829.363:ERROR:process_memory_win.cc(73)] ReadMemory at 0x7fffda0c0000 of 64 bytes failed: Only part of a ReadProcessMemory or WriteProcessMemory request was completed. (0x12B)
[0702/103829.363:WARNING:pe_image_reader.cc(340)] could not read dos header from C:\Windows\System32\profapi.dll
[0702/103829.363:ERROR:process_memory_win.cc(73)] ReadMemory at 0x7fffabad0000 of 64 bytes failed: Only part of a ReadProcessMemory or WriteProcessMemory request was completed. (0x12B)
[0702/103829.363:WARNING:pe_image_reader.cc(340)] could not read dos header from C:\Windows\SYSTEM32\UIAutomationCore.DLL
[0702/103829.363:ERROR:process_memory_win.cc(73)] ReadMemory at 0x7fffc8090000 of 64 bytes failed: Only part of a ReadProcessMemory or WriteProcessMemory request was completed. (0x12B)
[0702/103829.363:WARNING:pe_image_reader.cc(340)] could not read dos header from C:\Windows\SYSTEM32\DWrite.dll
[0702/103829.363:ERROR:process_memory_win.cc(73)] ReadMemory at 0x7fffab180000 of 64 bytes failed: Only part of a ReadProcessMemory or WriteProcessMemory request was completed. (0x12B)
[0702/103829.363:WARNING:pe_image_reader.cc(340)] could not read dos header from C:\Windows\SYSTEM32\WINSPOOL.DRV
[0702/103829.364:ERROR:process_memory_win.cc(73)] ReadMemory at 0x7fffda030000 of 64 bytes failed: Only part of a ReadProcessMemory or WriteProcessMemory request was completed. (0x12B)
[0702/103829.364:WARNING:pe_image_reader.cc(340)] could not read dos header from C:\Windows\System32\kernel.appcore.dll
[0702/103829.364:ERROR:process_memory_win.cc(73)] ReadMemory at 0x7fffda540000 of 64 bytes failed: Only part of a ReadProcessMemory or WriteProcessMemory request was completed. (0x12B)
[0702/103829.364:WARNING:pe_image_reader.cc(340)] could not read dos header from C:\Windows\System32\bcrypt.dll
[0702/103829.364:ERROR:process_memory_win.cc(73)] ReadMemory at 0x7fffc71d0000 of 64 bytes failed: Only part of a ReadProcessMemory or WriteProcessMemory request was completed. (0x12B)
[0702/103829.364:WARNING:pe_image_reader.cc(340)] could not read dos header from C:\Windows\SYSTEM32\dbghelp.dll
[0702/103829.364:ERROR:process_memory_win.cc(73)] ReadMemory at 0x7fffd4400000 of 64 bytes failed: Only part of a ReadProcessMemory or WriteProcessMemory request was completed. (0x12B)
[0702/103829.364:WARNING:pe_image_reader.cc(340)] could not read dos header from C:\Windows\SYSTEM32\WINHTTP.dll
[0702/103829.364:ERROR:process_memory_win.cc(73)] ReadMemory at 0x7fffd1980000 of 64 bytes failed: Only part of a ReadProcessMemory or WriteProcessMemory request was completed. (0x12B)
[0702/103829.364:WARNING:pe_image_reader.cc(340)] could not read dos header from C:\Windows\SYSTEM32\dhcpcsvc.DLL
[0702/103829.364:ERROR:process_memory_win.cc(73)] ReadMemory at 0x7fffdb580000 of 64 bytes failed: Only part of a ReadProcessMemory or WriteProcessMemory request was completed. (0x12B)
[0702/103829.364:WARNING:pe_image_reader.cc(340)] could not read dos header from C:\Windows\System32\NSI.dll
[0702/103829.364:ERROR:process_memory_win.cc(73)] ReadMemory at 0x7fffd6c80000 of 64 bytes failed: Only part of a ReadProcessMemory or WriteProcessMemory request was completed. (0x12B)
[0702/103829.364:WARNING:pe_image_reader.cc(340)] could not read dos header from C:\Windows\SYSTEM32\WINMMBASE.dll
[0702/103829.364:ERROR:process_memory_win.cc(73)] ReadMemory at 0x7fffda770000 of 64 bytes failed: Only part of a ReadProcessMemory or WriteProcessMemory request was completed. (0x12B)
[0702/103829.364:WARNING:pe_image_reader.cc(340)] could not read dos header from C:\Windows\System32\cfgmgr32.dll
[0702/103829.364:ERROR:process_memory_win.cc(73)] ReadMemory at 0x7fffd69b0000 of 64 bytes failed: Only part of a ReadProcessMemory or WriteProcessMemory request was completed. (0x12B)
[0702/103829.364:WARNING:pe_image_reader.cc(340)] could not read dos header from C:\Windows\SYSTEM32\PROPSYS.dll
[0702/103829.364:ERROR:process_memory_win.cc(73)] ReadMemory at 0x7fffdc280000 of 64 bytes failed: Only part of a ReadProcessMemory or WriteProcessMemory request was completed. (0x12B)
[0702/103829.364:WARNING:pe_image_reader.cc(340)] could not read dos header from C:\Windows\System32\shcore.dll
[0702/103829.364:ERROR:process_memory_win.cc(73)] ReadMemory at 0x7fffd9f10000 of 64 bytes failed: Only part of a ReadProcessMemory or WriteProcessMemory request was completed. (0x12B)
[0702/103829.364:WARNING:pe_image_reader.cc(340)] could not read dos header from C:\Windows\SYSTEM32\SSPICLI.DLL
[0702/103829.364:ERROR:process_memory_win.cc(73)] ReadMemory at 0x7fffdb990000 of 64 bytes failed: Only part of a ReadProcessMemory or WriteProcessMemory request was completed. (0x12B)
[0702/103829.364:WARNING:pe_image_reader.cc(340)] could not read dos header from C:\Windows\System32\SHELL32.dll
[0702/103829.365:ERROR:process_memory_win.cc(73)] ReadMemory at 0x7fffda930000 of 64 bytes failed: Only part of a ReadProcessMemory or WriteProcessMemory request was completed. (0x12B)
[0702/103829.365:WARNING:pe_image_reader.cc(340)] could not read dos header from C:\Windows\System32\windows.storage.dll
[0702/103829.365:ERROR:process_memory_win.cc(73)] ReadMemory at 0x7fffda050000 of 64 bytes failed: Only part of a ReadProcessMemory or WriteProcessMemory request was completed. (0x12B)
[0702/103829.365:WARNING:pe_image_reader.cc(340)] could not read dos header from C:\Windows\System32\powrprof.dll
[0702/103829.365:ERROR:process_memory_win.cc(73)] ReadMemory at 0x7fffda020000 of 64 bytes failed: Only part of a ReadProcessMemory or WriteProcessMemory request was completed. (0x12B)
[0702/103829.365:WARNING:pe_image_reader.cc(340)] could not read dos header from C:\Windows\System32\UMPDC.dll
[0702/103829.365:ERROR:process_memory_win.cc(73)] ReadMemory at 0x7fffdc330000 of 64 bytes failed: Only part of a ReadProcessMemory or WriteProcessMemory request was completed. (0x12B)
[0702/103829.365:WARNING:pe_image_reader.cc(340)] could not read dos header from C:\Windows\System32\shlwapi.dll
[0702/103829.365:ERROR:process_memory_win.cc(73)] ReadMemory at 0x7fffdc1d0000 of 64 bytes failed: Only part of a ReadProcessMemory or WriteProcessMemory request was completed. (0x12B)
[0702/103829.365:WARNING:pe_image_reader.cc(340)] could not read dos header from C:\Windows\System32\GDI32.dll
[0702/103829.365:ERROR:process_memory_win.cc(73)] ReadMemory at 0x7fffda570000 of 64 bytes failed: Only part of a ReadProcessMemory or WriteProcessMemory request was completed. (0x12B)
[0702/103829.365:WARNING:pe_image_reader.cc(340)] could not read dos header from C:\Windows\System32\win32u.dll
[0702/103829.365:ERROR:process_memory_win.cc(73)] ReadMemory at 0x7fffda3a0000 of 64 bytes failed: Only part of a ReadProcessMemory or WriteProcessMemory request was completed. (0x12B)
[0702/103829.365:WARNING:pe_image_reader.cc(340)] could not read dos header from C:\Windows\System32\gdi32full.dll
[0702/103829.365:ERROR:process_memory_win.cc(73)] ReadMemory at 0x7fffdb2e0000 of 64 bytes failed: Only part of a ReadProcessMemory or WriteProcessMemory request was completed. (0x12B)
[0702/103829.365:WARNING:pe_image_reader.cc(340)] could not read dos header from C:\Windows\System32\USER32.dll
[0702/103829.365:ERROR:process_memory_win.cc(73)] ReadMemory at 0x7fffda7c0000 of 64 bytes failed: Only part of a ReadProcessMemory or WriteProcessMemory request was completed. (0x12B)
[0702/103829.365:WARNING:pe_image_reader.cc(340)] could not read dos header from C:\Windows\System32\cryptsp.dll
[0702/103829.365:ERROR:process_memory_win.cc(73)] ReadMemory at 0x7fffdb810000 of 64 bytes failed: Only part of a ReadProcessMemory or WriteProcessMemory request was completed. (0x12B)
[0702/103829.365:WARNING:pe_image_reader.cc(340)] could not read dos header from C:\Windows\System32\IMM32.DLL
[0702/103829.365:ERROR:process_memory_win.cc(73)] ReadMemory at 0x7fffd9a60000 of 64 bytes failed: Only part of a ReadProcessMemory or WriteProcessMemory request was completed. (0x12B)
[0702/103829.365:WARNING:pe_image_reader.cc(340)] could not read dos header from C:\Windows\SYSTEM32\CRYPTBASE.DLL
[0702/103829.371:ERROR:process_memory_win.cc(73)] ReadMemory at 0x7ff608020000 of 64 bytes failed: Only part of a ReadProcessMemory or WriteProcessMemory request was completed. (0x12B)
[0702/103829.371:WARNING:pe_image_reader.cc(340)] could not read dos header from C:\Program Files (x86)\Google\Chrome\Application\chrome.exe
[0702/103829.371:ERROR:process_memory_win.cc(73)] ReadMemory at 0x7fffdd160000 of 64 bytes failed: Only part of a ReadProcessMemory or WriteProcessMemory request was completed. (0x12B)
[0702/103829.371:WARNING:pe_image_reader.cc(340)] could not read dos header from C:\Windows\SYSTEM32\ntdll.dll
[0702/103829.371:ERROR:process_memory_win.cc(73)] ReadMemory at 0x7fffdc8e0000 of 64 bytes failed: Only part of a ReadProcessMemory or WriteProcessMemory request was completed. (0x12B)
[0702/103829.371:WARNING:pe_image_reader.cc(340)] could not read dos header from C:\Windows\System32\KERNEL32.DLL
[0702/103829.371:ERROR:process_memory_win.cc(73)] ReadMemory at 0x7fffda0f0000 of 64 bytes failed: Only part of a ReadProcessMemory or WriteProcessMemory request was completed. (0x12B)
[0702/103829.371:WARNING:pe_image_reader.cc(340)] could not read dos header from C:\Windows\System32\KERNELBASE.dll
[0702/103829.371:ERROR:process_memory_win.cc(73)] ReadMemory at 0x7fffa8600000 of 64 bytes failed: Only part of a ReadProcessMemory or WriteProcessMemory request was completed. (0x12B)
[0702/103829.371:WARNING:pe_image_reader.cc(340)] could not read dos header from C:\Program Files (x86)\Google\Chrome\Application\83.0.4103.116\chrome_elf.dll
[0702/103829.371:ERROR:process_memory_win.cc(73)] ReadMemory at 0x7fffd1a80000 of 64 bytes failed: Only part of a ReadProcessMemory or WriteProcessMemory request was completed. (0x12B)
[0702/103829.371:WARNING:pe_image_reader.cc(340)] could not read dos header from C:\Windows\SYSTEM32\VERSION.dll
[0702/103829.371:ERROR:process_memory_win.cc(73)] ReadMemory at 0x7fffdb480000 of 64 bytes failed: Only part of a ReadProcessMemory or WriteProcessMemory request was completed. (0x12B)
[0702/103829.371:WARNING:pe_image_reader.cc(340)] could not read dos header from C:\Windows\System32\msvcrt.dll
[0702/103829.371:ERROR:process_memory_win.cc(73)] ReadMemory at 0x7fffda6f0000 of 64 bytes failed: Only part of a ReadProcessMemory or WriteProcessMemory request was completed. (0x12B)
[0702/103829.371:WARNING:pe_image_reader.cc(340)] could not read dos header from C:\Windows\System32\bcryptPrimitives.dll
[0702/103829.371:ERROR:process_memory_win.cc(73)] ReadMemory at 0x7fffdc080000 of 64 bytes failed: Only part of a ReadProcessMemory or WriteProcessMemory request was completed. (0x12B)
[0702/103829.371:WARNING:pe_image_reader.cc(340)] could not read dos header from C:\Windows\System32\ADVAPI32.dll
[0702/103829.371:ERROR:process_memory_win.cc(73)] ReadMemory at 0x7fffdc130000 of 64 bytes failed: Only part of a ReadProcessMemory or WriteProcessMemory request was completed. (0x12B)
[0702/103829.372:WARNING:pe_image_reader.cc(340)] could not read dos header from C:\Windows\System32\sechost.dll
[0702/103829.372:ERROR:process_memory_win.cc(73)] ReadMemory at 0x7fffdc7c0000 of 64 bytes failed: Only part of a ReadProcessMemory or WriteProcessMemory request was completed. (0x12B)
[0702/103829.372:WARNING:pe_image_reader.cc(340)] could not read dos header from C:\Windows\System32\RPCRT4.dll
[0702/103829.372:ERROR:process_memory_win.cc(73)] ReadMemory at 0x7fff8c110000 of 64 bytes failed: Only part of a ReadProcessMemory or WriteProcessMemory request was completed. (0x12B)
[0702/103829.372:WARNING:pe_image_reader.cc(340)] could not read dos header from C:\Program Files (x86)\Google\Chrome\Application\83.0.4103.116\chrome.dll
[0702/103829.372:ERROR:process_memory_win.cc(73)] ReadMemory at 0x7fffdc3a0000 of 64 bytes failed: Only part of a ReadProcessMemory or WriteProcessMemory request was completed. (0x12B)
[0702/103829.372:WARNING:pe_image_reader.cc(340)] could not read dos header from C:\Windows\System32\WS2_32.dll
[0702/103829.372:ERROR:process_memory_win.cc(73)] ReadMemory at 0x7fffdb590000 of 64 bytes failed: Only part of a ReadProcessMemory or WriteProcessMemory request was completed. (0x12B)
[0702/103829.372:WARNING:pe_image_reader.cc(340)] could not read dos header from C:\Windows\System32\OLEAUT32.dll
[0702/103829.372:ERROR:process_memory_win.cc(73)] ReadMemory at 0x7fffda650000 of 64 bytes failed: Only part of a ReadProcessMemory or WriteProcessMemory request was completed. (0x12B)
[0702/103829.372:WARNING:pe_image_reader.cc(340)] could not read dos header from C:\Windows\System32\msvcp_win.dll
[0702/103829.372:ERROR:process_memory_win.cc(73)] ReadMemory at 0x7fffdb110000 of 64 bytes failed: Only part of a ReadProcessMemory or WriteProcessMemory request was completed. (0x12B)
[0702/103829.372:WARNING:pe_image_reader.cc(340)] could not read dos header from C:\Windows\System32\ucrtbase.dll
[0702/103829.372:ERROR:process_memory_win.cc(73)] ReadMemory at 0x7fffdc410000 of 64 bytes failed: Only part of a ReadProcessMemory or WriteProcessMemory request was completed. (0x12B)
[0702/103829.372:WARNING:pe_image_reader.cc(340)] could not read dos header from C:\Windows\System32\combase.dll
[0702/103829.372:ERROR:process_memory_win.cc(73)] ReadMemory at 0x7fffdb0b0000 of 64 bytes failed: Only part of a ReadProcessMemory or WriteProcessMemory request was completed. (0x12B)
[0702/103829.372:WARNING:pe_image_reader.cc(340)] could not read dos header from C:\Windows\System32\WINTRUST.dll
[0702/103829.372:ERROR:process_memory_win.cc(73)] ReadMemory at 0x7fffda0a0000 of 64 bytes failed: Only part of a ReadProcessMemory or WriteProcessMemory request was completed. (0x12B)
[0702/103829.372:WARNING:pe_image_reader.cc(340)] could not read dos header from C:\Windows\System32\MSASN1.dll
[0702/103829.372:ERROR:process_memory_win.cc(73)] ReadMemory at 0x7fffda7e0000 of 64 bytes failed: Only part of a ReadProcessMemory or WriteProcessMemory request was completed. (0x12B)
[0702/103829.372:WARNING:pe_image_reader.cc(340)] could not read dos header from C:\Windows\System32\CRYPT32.dll
[0702/103829.372:ERROR:process_memory_win.cc(73)] ReadMemory at 0x7fffd95a0000 of 64 bytes failed: Only part of a ReadProcessMemory or WriteProcessMemory request was completed. (0x12B)
[0702/103829.372:WARNING:pe_image_reader.cc(340)] could not read dos header from C:\Windows\SYSTEM32\IPHLPAPI.DLL
[0702/103829.373:ERROR:process_memory_win.cc(73)] ReadMemory at 0x7fffd6cb0000 of 64 bytes failed: Only part of a ReadProcessMemory or WriteProcessMemory request was completed. (0x12B)
[0702/103829.373:WARNING:pe_image_reader.cc(340)] could not read dos header from C:\Windows\SYSTEM32\WINMM.dll
[0702/103829.373:ERROR:process_memory_win.cc(73)] ReadMemory at 0x7fffbadb0000 of 64 bytes failed: Only part of a ReadProcessMemory or WriteProcessMemory request was completed. (0x12B)
[0702/103829.373:WARNING:pe_image_reader.cc(340)] could not read dos header from C:\Windows\SYSTEM32\Secur32.dll
[0702/103829.373:ERROR:process_memory_win.cc(73)] ReadMemory at 0x7fffd9f40000 of 64 bytes failed: Only part of a ReadProcessMemory or WriteProcessMemory request was completed. (0x12B)
[0702/103829.373:WARNING:pe_image_reader.cc(340)] could not read dos header from C:\Windows\SYSTEM32\USERENV.dll
[0702/103829.373:ERROR:process_memory_win.cc(73)] ReadMemory at 0x7fffda0c0000 of 64 bytes failed: Only part of a ReadProcessMemory or WriteProcessMemory request was completed. (0x12B)
[0702/103829.373:WARNING:pe_image_reader.cc(340)] could not read dos header from C:\Windows\System32\profapi.dll
[0702/103829.373:ERROR:process_memory_win.cc(73)] ReadMemory at 0x7fffabad0000 of 64 bytes failed: Only part of a ReadProcessMemory or WriteProcessMemory request was completed. (0x12B)
[0702/103829.373:WARNING:pe_image_reader.cc(340)] could not read dos header from C:\Windows\SYSTEM32\UIAutomationCore.DLL
[0702/103829.373:ERROR:process_memory_win.cc(73)] ReadMemory at 0x7fffc8090000 of 64 bytes failed: Only part of a ReadProcessMemory or WriteProcessMemory request was completed. (0x12B)
[0702/103829.373:WARNING:pe_image_reader.cc(340)] could not read dos header from C:\Windows\SYSTEM32\DWrite.dll
[0702/103829.373:ERROR:process_memory_win.cc(73)] ReadMemory at 0x7fffab180000 of 64 bytes failed: Only part of a ReadProcessMemory or WriteProcessMemory request was completed. (0x12B)
[0702/103829.373:WARNING:pe_image_reader.cc(340)] could not read dos header from C:\Windows\SYSTEM32\WINSPOOL.DRV
[0702/103829.373:ERROR:process_memory_win.cc(73)] ReadMemory at 0x7fffda030000 of 64 bytes failed: Only part of a ReadProcessMemory or WriteProcessMemory request was completed. (0x12B)
[0702/103829.373:WARNING:pe_image_reader.cc(340)] could not read dos header from C:\Windows\System32\kernel.appcore.dll
[0702/103829.373:ERROR:process_memory_win.cc(73)] ReadMemory at 0x7fffda540000 of 64 bytes failed: Only part of a ReadProcessMemory or WriteProcessMemory request was completed. (0x12B)
[0702/103829.373:WARNING:pe_image_reader.cc(340)] could not read dos header from C:\Windows\System32\bcrypt.dll
[0702/103829.373:ERROR:process_memory_win.cc(73)] ReadMemory at 0x7fffc71d0000 of 64 bytes failed: Only part of a ReadProcessMemory or WriteProcessMemory request was completed. (0x12B)
[0702/103829.373:WARNING:pe_image_reader.cc(340)] could not read dos header from C:\Windows\SYSTEM32\dbghelp.dll
[0702/103829.373:ERROR:process_memory_win.cc(73)] ReadMemory at 0x7fffd4400000 of 64 bytes failed: Only part of a ReadProcessMemory or WriteProcessMemory request was completed. (0x12B)
[0702/103829.373:WARNING:pe_image_reader.cc(340)] could not read dos header from C:\Windows\SYSTEM32\WINHTTP.dll
[0702/103829.373:ERROR:process_memory_win.cc(73)] ReadMemory at 0x7fffd1980000 of 64 bytes failed: Only part of a ReadProcessMemory or WriteProcessMemory request was completed. (0x12B)
[0702/103829.373:WARNING:pe_image_reader.cc(340)] could not read dos header from C:\Windows\SYSTEM32\dhcpcsvc.DLL
[0702/103829.373:ERROR:process_memory_win.cc(73)] ReadMemory at 0x7fffdb580000 of 64 bytes failed: Only part of a ReadProcessMemory or WriteProcessMemory request was completed. (0x12B)
[0702/103829.373:WARNING:pe_image_reader.cc(340)] could not read dos header from C:\Windows\System32\NSI.dll
[0702/103829.373:ERROR:process_memory_win.cc(73)] ReadMemory at 0x7fffd6c80000 of 64 bytes failed: Only part of a ReadProcessMemory or WriteProcessMemory request was completed. (0x12B)
[0702/103829.373:WARNING:pe_image_reader.cc(340)] could not read dos header from C:\Windows\SYSTEM32\WINMMBASE.dll
[0702/103829.374:ERROR:process_memory_win.cc(73)] ReadMemory at 0x7fffda770000 of 64 bytes failed: Only part of a ReadProcessMemory or WriteProcessMemory request was completed. (0x12B)
[0702/103829.374:WARNING:pe_image_reader.cc(340)] could not read dos header from C:\Windows\System32\cfgmgr32.dll
[0702/103829.374:ERROR:process_memory_win.cc(73)] ReadMemory at 0x7fffd69b0000 of 64 bytes failed: Only part of a ReadProcessMemory or WriteProcessMemory request was completed. (0x12B)
[0702/103829.374:WARNING:pe_image_reader.cc(340)] could not read dos header from C:\Windows\SYSTEM32\PROPSYS.dll
[0702/103829.374:ERROR:process_memory_win.cc(73)] ReadMemory at 0x7fffdc280000 of 64 bytes failed: Only part of a ReadProcessMemory or WriteProcessMemory request was completed. (0x12B)
[0702/103829.374:WARNING:pe_image_reader.cc(340)] could not read dos header from C:\Windows\System32\shcore.dll
[0702/103829.374:ERROR:process_memory_win.cc(73)] ReadMemory at 0x7fffd9f10000 of 64 bytes failed: Only part of a ReadProcessMemory or WriteProcessMemory request was completed. (0x12B)
[0702/103829.374:WARNING:pe_image_reader.cc(340)] could not read dos header from C:\Windows\SYSTEM32\SSPICLI.DLL
[0702/103829.374:ERROR:process_memory_win.cc(73)] ReadMemory at 0x7fffdb990000 of 64 bytes failed: Only part of a ReadProcessMemory or WriteProcessMemory request was completed. (0x12B)
[0702/103829.374:WARNING:pe_image_reader.cc(340)] could not read dos header from C:\Windows\System32\SHELL32.dll
[0702/103829.374:ERROR:process_memory_win.cc(73)] ReadMemory at 0x7fffda930000 of 64 bytes failed: Only part of a ReadProcessMemory or WriteProcessMemory request was completed. (0x12B)
[0702/103829.374:WARNING:pe_image_reader.cc(340)] could not read dos header from C:\Windows\System32\windows.storage.dll
[0702/103829.374:ERROR:process_memory_win.cc(73)] ReadMemory at 0x7fffda050000 of 64 bytes failed: Only part of a ReadProcessMemory or WriteProcessMemory request was completed. (0x12B)
[0702/103829.374:WARNING:pe_image_reader.cc(340)] could not read dos header from C:\Windows\System32\powrprof.dll
[0702/103829.374:ERROR:process_memory_win.cc(73)] ReadMemory at 0x7fffda020000 of 64 bytes failed: Only part of a ReadProcessMemory or WriteProcessMemory request was completed. (0x12B)
[0702/103829.374:WARNING:pe_image_reader.cc(340)] could not read dos header from C:\Windows\System32\UMPDC.dll
[0702/103829.374:ERROR:process_memory_win.cc(73)] ReadMemory at 0x7fffdc330000 of 64 bytes failed: Only part of a ReadProcessMemory or WriteProcessMemory request was completed. (0x12B)
[0702/103829.374:WARNING:pe_image_reader.cc(340)] could not read dos header from C:\Windows\System32\shlwapi.dll
[0702/103829.374:ERROR:process_memory_win.cc(73)] ReadMemory at 0x7fffdc1d0000 of 64 bytes failed: Only part of a ReadProcessMemory or WriteProcessMemory request was completed. (0x12B)
[0702/103829.374:WARNING:pe_image_reader.cc(340)] could not read dos header from C:\Windows\System32\GDI32.dll
[0702/103829.374:ERROR:process_memory_win.cc(73)] ReadMemory at 0x7fffda570000 of 64 bytes failed: Only part of a ReadProcessMemory or WriteProcessMemory request was completed. (0x12B)
[0702/103829.374:WARNING:pe_image_reader.cc(340)] could not read dos header from C:\Windows\System32\win32u.dll
[0702/103829.374:ERROR:process_memory_win.cc(73)] ReadMemory at 0x7fffda3a0000 of 64 bytes failed: Only part of a ReadProcessMemory or WriteProcessMemory request was completed. (0x12B)
[0702/103829.374:WARNING:pe_image_reader.cc(340)] could not read dos header from C:\Windows\System32\gdi32full.dll
[0702/103829.374:ERROR:process_memory_win.cc(73)] ReadMemory at 0x7fffdb2e0000 of 64 bytes failed: Only part of a ReadProcessMemory or WriteProcessMemory request was completed. (0x12B)
[0702/103829.374:WARNING:pe_image_reader.cc(340)] could not read dos header from C:\Windows\System32\USER32.dll
[0702/103829.375:ERROR:process_memory_win.cc(73)] ReadMemory at 0x7fffda7c0000 of 64 bytes failed: Only part of a ReadProcessMemory or WriteProcessMemory request was completed. (0x12B)
[0702/103829.375:WARNING:pe_image_reader.cc(340)] could not read dos header from C:\Windows\System32\cryptsp.dll
[0702/103829.375:ERROR:process_memory_win.cc(73)] ReadMemory at 0x7fffdb810000 of 64 bytes failed: Only part of a ReadProcessMemory or WriteProcessMemory request was completed. (0x12B)
[0702/103829.375:WARNING:pe_image_reader.cc(340)] could not read dos header from C:\Windows\System32\IMM32.DLL
[0702/103829.375:ERROR:process_memory_win.cc(73)] ReadMemory at 0x7fffd9a60000 of 64 bytes failed: Only part of a ReadProcessMemory or WriteProcessMemory request was completed. (0x12B)
[0702/103829.375:WARNING:pe_image_reader.cc(340)] could not read dos header from C:\Windows\SYSTEM32\CRYPTBASE.DLL
[0702/103829.375:ERROR:process_memory_win.cc(73)] ReadMemory at 0x7ff608020000 of 64 bytes failed: Only part of a ReadProcessMemory or WriteProcessMemory request was completed. (0x12B)
[0702/103829.375:WARNING:pe_image_reader.cc(340)] could not read dos header from C:\Program Files (x86)\Google\Chrome\Application\chrome.exe
[0702/103829.375:ERROR:process_memory_win.cc(73)] ReadMemory at 0x7fffdd160000 of 64 bytes failed: Only part of a ReadProcessMemory or WriteProcessMemory request was completed. (0x12B)
[0702/103829.375:WARNING:pe_image_reader.cc(340)] could not read dos header from C:\Windows\SYSTEM32\ntdll.dll
[0702/103829.375:ERROR:process_memory_win.cc(73)] ReadMemory at 0x7fffdc8e0000 of 64 bytes failed: Only part of a ReadProcessMemory or WriteProcessMemory request was completed. (0x12B)
[0702/103829.375:WARNING:pe_image_reader.cc(340)] could not read dos header from C:\Windows\System32\KERNEL32.DLL
[0702/103829.375:ERROR:process_memory_win.cc(73)] ReadMemory at 0x7fffda0f0000 of 64 bytes failed: Only part of a ReadProcessMemory or WriteProcessMemory request was completed. (0x12B)
[0702/103829.375:WARNING:pe_image_reader.cc(340)] could not read dos header from C:\Windows\System32\KERNELBASE.dll
[0702/103829.375:ERROR:process_memory_win.cc(73)] ReadMemory at 0x7fffa8600000 of 64 bytes failed: Only part of a ReadProcessMemory or WriteProcessMemory request was completed. (0x12B)
[0702/103829.375:WARNING:pe_image_reader.cc(340)] could not read dos header from C:\Program Files (x86)\Google\Chrome\Application\83.0.4103.116\chrome_elf.dll
[0702/103829.375:ERROR:process_memory_win.cc(73)] ReadMemory at 0x7fffd1a80000 of 64 bytes failed: Only part of a ReadProcessMemory or WriteProcessMemory request was completed. (0x12B)
[0702/103829.375:WARNING:pe_image_reader.cc(340)] could not read dos header from C:\Windows\SYSTEM32\VERSION.dll
[0702/103829.375:ERROR:process_memory_win.cc(73)] ReadMemory at 0x7fffdb480000 of 64 bytes failed: Only part of a ReadProcessMemory or WriteProcessMemory request was completed. (0x12B)
[0702/103829.375:WARNING:pe_image_reader.cc(340)] could not read dos header from C:\Windows\System32\msvcrt.dll
[0702/103829.375:ERROR:process_memory_win.cc(73)] ReadMemory at 0x7fffda6f0000 of 64 bytes failed: Only part of a ReadProcessMemory or WriteProcessMemory request was completed. (0x12B)
[0702/103829.375:WARNING:pe_image_reader.cc(340)] could not read dos header from C:\Windows\System32\bcryptPrimitives.dll
[0702/103829.375:ERROR:process_memory_win.cc(73)] ReadMemory at 0x7fffdc080000 of 64 bytes failed: Only part of a ReadProcessMemory or WriteProcessMemory request was completed. (0x12B)
[0702/103829.375:WARNING:pe_image_reader.cc(340)] could not read dos header from C:\Windows\System32\ADVAPI32.dll
[0702/103829.375:ERROR:process_memory_win.cc(73)] ReadMemory at 0x7fffdc130000 of 64 bytes failed: Only part of a ReadProcessMemory or WriteProcessMemory request was completed. (0x12B)
[0702/103829.375:WARNING:pe_image_reader.cc(340)] could not read dos header from C:\Windows\System32\sechost.dll
[0702/103829.375:ERROR:process_memory_win.cc(73)] ReadMemory at 0x7fffdc7c0000 of 64 bytes failed: Only part of a ReadProcessMemory or WriteProcessMemory request was completed. (0x12B)
[0702/103829.375:WARNING:pe_image_reader.cc(340)] could not read dos header from C:\Windows\System32\RPCRT4.dll
[0702/103829.375:ERROR:process_memory_win.cc(73)] ReadMemory at 0x7fff8c110000 of 64 bytes failed: Only part of a ReadProcessMemory or WriteProcessMemory request was completed. (0x12B)
[0702/103829.375:WARNING:pe_image_reader.cc(340)] could not read dos header from C:\Program Files (x86)\Google\Chrome\Application\83.0.4103.116\chrome.dll
[0702/103829.375:ERROR:process_memory_win.cc(73)] ReadMemory at 0x7fffdc3a0000 of 64 bytes failed: Only part of a ReadProcessMemory or WriteProcessMemory request was completed. (0x12B)
[0702/103829.375:WARNING:pe_image_reader.cc(340)] could not read dos header from C:\Windows\System32\WS2_32.dll
[0702/103829.375:ERROR:process_memory_win.cc(73)] ReadMemory at 0x7fffdb590000 of 64 bytes failed: Only part of a ReadProcessMemory or WriteProcessMemory request was completed. (0x12B)
[0702/103829.376:WARNING:pe_image_reader.cc(340)] could not read dos header from C:\Windows\System32\OLEAUT32.dll
[0702/103829.376:ERROR:process_memory_win.cc(73)] ReadMemory at 0x7fffda650000 of 64 bytes failed: Only part of a ReadProcessMemory or WriteProcessMemory request was completed. (0x12B)
[0702/103829.376:WARNING:pe_image_reader.cc(340)] could not read dos header from C:\Windows\System32\msvcp_win.dll
[0702/103829.376:ERROR:process_memory_win.cc(73)] ReadMemory at 0x7fffdb110000 of 64 bytes failed: Only part of a ReadProcessMemory or WriteProcessMemory request was completed. (0x12B)
[0702/103829.376:WARNING:pe_image_reader.cc(340)] could not read dos header from C:\Windows\System32\ucrtbase.dll
[0702/103829.376:ERROR:process_memory_win.cc(73)] ReadMemory at 0x7fffdc410000 of 64 bytes failed: Only part of a ReadProcessMemory or WriteProcessMemory request was completed. (0x12B)
[0702/103829.376:WARNING:pe_image_reader.cc(340)] could not read dos header from C:\Windows\System32\combase.dll
[0702/103829.376:ERROR:process_memory_win.cc(73)] ReadMemory at 0x7fffdb0b0000 of 64 bytes failed: Only part of a ReadProcessMemory or WriteProcessMemory request was completed. (0x12B)
[0702/103829.376:WARNING:pe_image_reader.cc(340)] could not read dos header from C:\Windows\System32\WINTRUST.dll
[0702/103829.376:ERROR:process_memory_win.cc(73)] ReadMemory at 0x7fffda0a0000 of 64 bytes failed: Only part of a ReadProcessMemory or WriteProcessMemory request was completed. (0x12B)
[0702/103829.376:WARNING:pe_image_reader.cc(340)] could not read dos header from C:\Windows\System32\MSASN1.dll
[0702/103829.376:ERROR:process_memory_win.cc(73)] ReadMemory at 0x7fffda7e0000 of 64 bytes failed: Only part of a ReadProcessMemory or WriteProcessMemory request was completed. (0x12B)
[0702/103829.376:WARNING:pe_image_reader.cc(340)] could not read dos header from C:\Windows\System32\CRYPT32.dll
[0702/103829.376:ERROR:process_memory_win.cc(73)] ReadMemory at 0x7fffd95a0000 of 64 bytes failed: Only part of a ReadProcessMemory or WriteProcessMemory request was completed. (0x12B)
[0702/103829.376:WARNING:pe_image_reader.cc(340)] could not read dos header from C:\Windows\SYSTEM32\IPHLPAPI.DLL
[0702/103829.376:ERROR:process_memory_win.cc(73)] ReadMemory at 0x7fffd6cb0000 of 64 bytes failed: Only part of a ReadProcessMemory or WriteProcessMemory request was completed. (0x12B)
[0702/103829.376:WARNING:pe_image_reader.cc(340)] could not read dos header from C:\Windows\SYSTEM32\WINMM.dll
[0702/103829.376:ERROR:process_memory_win.cc(73)] ReadMemory at 0x7fffbadb0000 of 64 bytes failed: Only part of a ReadProcessMemory or WriteProcessMemory request was completed. (0x12B)
[0702/103829.376:WARNING:pe_image_reader.cc(340)] could not read dos header from C:\Windows\SYSTEM32\Secur32.dll
[0702/103829.376:ERROR:process_memory_win.cc(73)] ReadMemory at 0x7fffd9f40000 of 64 bytes failed: Only part of a ReadProcessMemory or WriteProcessMemory request was completed. (0x12B)
[0702/103829.376:WARNING:pe_image_reader.cc(340)] could not read dos header from C:\Windows\SYSTEM32\USERENV.dll
[0702/103829.376:ERROR:process_memory_win.cc(73)] ReadMemory at 0x7fffda0c0000 of 64 bytes failed: Only part of a ReadProcessMemory or WriteProcessMemory request was completed. (0x12B)
[0702/103829.376:WARNING:pe_image_reader.cc(340)] could not read dos header from C:\Windows\System32\profapi.dll
[0702/103829.376:ERROR:process_memory_win.cc(73)] ReadMemory at 0x7fffabad0000 of 64 bytes failed: Only part of a ReadProcessMemory or WriteProcessMemory request was completed. (0x12B)
[0702/103829.376:WARNING:pe_image_reader.cc(340)] could not read dos header from C:\Windows\SYSTEM32\UIAutomationCore.DLL
[0702/103829.376:ERROR:process_memory_win.cc(73)] ReadMemory at 0x7fffc8090000 of 64 bytes failed: Only part of a ReadProcessMemory or WriteProcessMemory request was completed. (0x12B)
[0702/103829.376:WARNING:pe_image_reader.cc(340)] could not read dos header from C:\Windows\SYSTEM32\DWrite.dll
[0702/103829.376:ERROR:process_memory_win.cc(73)] ReadMemory at 0x7fffab180000 of 64 bytes failed: Only part of a ReadProcessMemory or WriteProcessMemory request was completed. (0x12B)
[0702/103829.376:WARNING:pe_image_reader.cc(340)] could not read dos header from C:\Windows\SYSTEM32\WINSPOOL.DRV
[0702/103829.376:ERROR:process_memory_win.cc(73)] ReadMemory at 0x7fffda030000 of 64 bytes failed: Only part of a ReadProcessMemory or WriteProcessMemory request was completed. (0x12B)
[0702/103829.376:WARNING:pe_image_reader.cc(340)] could not read dos header from C:\Windows\System32\kernel.appcore.dll
[0702/103829.376:ERROR:process_memory_win.cc(73)] ReadMemory at 0x7fffda540000 of 64 bytes failed: Only part of a ReadProcessMemory or WriteProcessMemory request was completed. (0x12B)
[0702/103829.376:WARNING:pe_image_reader.cc(340)] could not read dos header from C:\Windows\System32\bcrypt.dll
[0702/103829.376:ERROR:process_memory_win.cc(73)] ReadMemory at 0x7fffc71d0000 of 64 bytes failed: Only part of a ReadProcessMemory or WriteProcessMemory request was completed. (0x12B)
[0702/103829.376:WARNING:pe_image_reader.cc(340)] could not read dos header from C:\Windows\SYSTEM32\dbghelp.dll
[0702/103829.376:ERROR:process_memory_win.cc(73)] ReadMemory at 0x7fffd4400000 of 64 bytes failed: Only part of a ReadProcessMemory or WriteProcessMemory request was completed. (0x12B)
[0702/103829.376:WARNING:pe_image_reader.cc(340)] could not read dos header from C:\Windows\SYSTEM32\WINHTTP.dll
[0702/103829.376:ERROR:process_memory_win.cc(73)] ReadMemory at 0x7fffd1980000 of 64 bytes failed: Only part of a ReadProcessMemory or WriteProcessMemory request was completed. (0x12B)
[0702/103829.377:WARNING:pe_image_reader.cc(340)] could not read dos header from C:\Windows\SYSTEM32\dhcpcsvc.DLL
[0702/103829.377:ERROR:process_memory_win.cc(73)] ReadMemory at 0x7fffdb580000 of 64 bytes failed: Only part of a ReadProcessMemory or WriteProcessMemory request was completed. (0x12B)
[0702/103829.377:WARNING:pe_image_reader.cc(340)] could not read dos header from C:\Windows\System32\NSI.dll
[0702/103829.377:ERROR:process_memory_win.cc(73)] ReadMemory at 0x7fffd6c80000 of 64 bytes failed: Only part of a ReadProcessMemory or WriteProcessMemory request was completed. (0x12B)
[0702/103829.377:WARNING:pe_image_reader.cc(340)] could not read dos header from C:\Windows\SYSTEM32\WINMMBASE.dll
[0702/103829.377:ERROR:process_memory_win.cc(73)] ReadMemory at 0x7fffda770000 of 64 bytes failed: Only part of a ReadProcessMemory or WriteProcessMemory request was completed. (0x12B)
[0702/103829.377:WARNING:pe_image_reader.cc(340)] could not read dos header from C:\Windows\System32\cfgmgr32.dll
[0702/103829.377:ERROR:process_memory_win.cc(73)] ReadMemory at 0x7fffd69b0000 of 64 bytes failed: Only part of a ReadProcessMemory or WriteProcessMemory request was completed. (0x12B)
[0702/103829.377:WARNING:pe_image_reader.cc(340)] could not read dos header from C:\Windows\SYSTEM32\PROPSYS.dll
[0702/103829.377:ERROR:process_memory_win.cc(73)] ReadMemory at 0x7fffdc280000 of 64 bytes failed: Only part of a ReadProcessMemory or WriteProcessMemory request was completed. (0x12B)
[0702/103829.377:WARNING:pe_image_reader.cc(340)] could not read dos header from C:\Windows\System32\shcore.dll
[0702/103829.377:ERROR:process_memory_win.cc(73)] ReadMemory at 0x7fffd9f10000 of 64 bytes failed: Only part of a ReadProcessMemory or WriteProcessMemory request was completed. (0x12B)
[0702/103829.377:WARNING:pe_image_reader.cc(340)] could not read dos header from C:\Windows\SYSTEM32\SSPICLI.DLL
[0702/103829.377:ERROR:process_memory_win.cc(73)] ReadMemory at 0x7fffdb990000 of 64 bytes failed: Only part of a ReadProcessMemory or WriteProcessMemory request was completed. (0x12B)
[0702/103829.377:WARNING:pe_image_reader.cc(340)] could not read dos header from C:\Windows\System32\SHELL32.dll
[0702/103829.377:ERROR:process_memory_win.cc(73)] ReadMemory at 0x7fffda930000 of 64 bytes failed: Only part of a ReadProcessMemory or WriteProcessMemory request was completed. (0x12B)
[0702/103829.377:WARNING:pe_image_reader.cc(340)] could not read dos header from C:\Windows\System32\windows.storage.dll
[0702/103829.377:ERROR:process_memory_win.cc(73)] ReadMemory at 0x7fffda050000 of 64 bytes failed: Only part of a ReadProcessMemory or WriteProcessMemory request was completed. (0x12B)
[0702/103829.377:WARNING:pe_image_reader.cc(340)] could not read dos header from C:\Windows\System32\powrprof.dll
[0702/103829.377:ERROR:process_memory_win.cc(73)] ReadMemory at 0x7fffda020000 of 64 bytes failed: Only part of a ReadProcessMemory or WriteProcessMemory request was completed. (0x12B)
[0702/103829.377:WARNING:pe_image_reader.cc(340)] could not read dos header from C:\Windows\System32\UMPDC.dll
[0702/103829.377:ERROR:process_memory_win.cc(73)] ReadMemory at 0x7fffdc330000 of 64 bytes failed: Only part of a ReadProcessMemory or WriteProcessMemory request was completed. (0x12B)
[0702/103829.377:WARNING:pe_image_reader.cc(340)] could not read dos header from C:\Windows\System32\shlwapi.dll
[0702/103829.377:ERROR:process_memory_win.cc(73)] ReadMemory at 0x7fffdc1d0000 of 64 bytes failed: Only part of a ReadProcessMemory or WriteProcessMemory request was completed. (0x12B)
[0702/103829.377:WARNING:pe_image_reader.cc(340)] could not read dos header from C:\Windows\System32\GDI32.dll
[0702/103829.377:ERROR:process_memory_win.cc(73)] ReadMemory at 0x7fffda570000 of 64 bytes failed: Only part of a ReadProcessMemory or WriteProcessMemory request was completed. (0x12B)
[0702/103829.377:WARNING:pe_image_reader.cc(340)] could not read dos header from C:\Windows\System32\win32u.dll
[0702/103829.377:ERROR:process_memory_win.cc(73)] ReadMemory at 0x7fffda3a0000 of 64 bytes failed: Only part of a ReadProcessMemory or WriteProcessMemory request was completed. (0x12B)
[0702/103829.377:WARNING:pe_image_reader.cc(340)] could not read dos header from C:\Windows\System32\gdi32full.dll
[0702/103829.377:ERROR:process_memory_win.cc(73)] ReadMemory at 0x7fffdb2e0000 of 64 bytes failed: Only part of a ReadProcessMemory or WriteProcessMemory request was completed. (0x12B)
[0702/103829.377:WARNING:pe_image_reader.cc(340)] could not read dos header from C:\Windows\System32\USER32.dll
[0702/103829.377:ERROR:process_memory_win.cc(73)] ReadMemory at 0x7fffda7c0000 of 64 bytes failed: Only part of a ReadProcessMemory or WriteProcessMemory request was completed. (0x12B)
[0702/103829.377:WARNING:pe_image_reader.cc(340)] could not read dos header from C:\Windows\System32\cryptsp.dll
[0702/103829.377:ERROR:process_memory_win.cc(73)] ReadMemory at 0x7fffdb810000 of 64 bytes failed: Only part of a ReadProcessMemory or WriteProcessMemory request was completed. (0x12B)
[0702/103829.377:WARNING:pe_image_reader.cc(340)] could not read dos header from C:\Windows\System32\IMM32.DLL
[0702/103829.377:ERROR:process_memory_win.cc(73)] ReadMemory at 0x7fffd9a60000 of 64 bytes failed: Only part of a ReadProcessMemory or WriteProcessMemory request was completed. (0x12B)
[0702/103829.377:WARNING:pe_image_reader.cc(340)] could not read dos header from C:\Windows\SYSTEM32\CRYPTBASE.DLL
[0702/103829.388:ERROR:process_memory_win.cc(73)] ReadMemory at 0x1eebff3000 of 53248 bytes failed: Only part of a ReadProcessMemory or WriteProcessMemory request was completed. (0x12B)
[0702/103829.389:ERROR:process_memory_win.cc(73)] ReadMemory at 0x1eec7fd000 of 12288 bytes failed: Only part of a ReadProcessMemory or WriteProcessMemory request was completed. (0x12B)
[0702/103829.389:ERROR:process_memory_win.cc(73)] ReadMemory at 0x1eecff8000 of 32768 bytes failed: Only part of a ReadProcessMemory or WriteProcessMemory request was completed. (0x12B)
[0702/103829.389:ERROR:process_memory_win.cc(73)] ReadMemory at 0x1eed7fc000 of 16384 bytes failed: Only part of a ReadProcessMemory or WriteProcessMemory request was completed. (0x12B)
[0702/103829.389:ERROR:process_memory_win.cc(73)] ReadMemory at 0x1eedffc000 of 16384 bytes failed: Only part of a ReadProcessMemory or WriteProcessMemory request was completed. (0x12B)
[0702/103829.389:ERROR:process_memory_win.cc(73)] ReadMemory at 0x1eee7ff000 of 4096 bytes failed: Only part of a ReadProcessMemory or WriteProcessMemory request was completed. (0x12B)
[0702/103829.389:ERROR:process_memory_win.cc(73)] ReadMemory at 0x1eeeffd000 of 12288 bytes failed: Only part of a ReadProcessMemory or WriteProcessMemory request was completed. (0x12B)
[0702/103829.389:ERROR:process_memory_win.cc(73)] ReadMemory at 0x1eef7fb000 of 20480 bytes failed: Only part of a ReadProcessMemory or WriteProcessMemory request was completed. (0x12B)
[0702/103829.389:ERROR:process_memory_win.cc(73)] ReadMemory at 0x1eefffd000 of 12288 bytes failed: Only part of a ReadProcessMemory or WriteProcessMemory request was completed. (0x12B)
[0702/103829.390:ERROR:process_memory_win.cc(73)] ReadMemory at 0x1ef07fd000 of 12288 bytes failed: Only part of a ReadProcessMemory or WriteProcessMemory request was completed. (0x12B)
[0702/103829.390:ERROR:process_memory_win.cc(73)] ReadMemory at 0x1ef0ffd000 of 12288 bytes failed: Only part of a ReadProcessMemory or WriteProcessMemory request was completed. (0x12B)
[0702/103829.390:ERROR:process_memory_win.cc(73)] ReadMemory at 0x1ef17fd000 of 12288 bytes failed: Only part of a ReadProcessMemory or WriteProcessMemory request was completed. (0x12B)
[0702/103829.390:ERROR:process_memory_win.cc(73)] ReadMemory at 0x1ef1ffd000 of 12288 bytes failed: Only part of a ReadProcessMemory or WriteProcessMemory request was completed. (0x12B)
[0702/103829.390:ERROR:process_memory_win.cc(73)] ReadMemory at 0x1ef27fd000 of 12288 bytes failed: Only part of a ReadProcessMemory or WriteProcessMemory request was completed. (0x12B)
[0702/103829.390:ERROR:process_memory_win.cc(73)] ReadMemory at 0x1ef2ffd000 of 12288 bytes failed: Only part of a ReadProcessMemory or WriteProcessMemory request was completed. (0x12B)
[0702/103829.390:ERROR:process_memory_win.cc(73)] ReadMemory at 0x1ef37f8000 of 32768 bytes failed: Only part of a ReadProcessMemory or WriteProcessMemory request was completed. (0x12B)
[0702/103829.390:ERROR:process_memory_win.cc(73)] ReadMemory at 0x1ef3ffd000 of 12288 bytes failed: Only part of a ReadProcessMemory or WriteProcessMemory request was completed. (0x12B)
[0702/103829.390:ERROR:process_memory_win.cc(73)] ReadMemory at 0x1eeb7b3000 of 852 bytes failed: Only part of a ReadProcessMemory or WriteProcessMemory request was completed. (0x12B)
[0702/103829.390:ERROR:process_memory_win.cc(73)] ReadMemory at 0x1eeb7b4000 of 6024 bytes failed: Only part of a ReadProcessMemory or WriteProcessMemory request was completed. (0x12B)
[0702/103829.390:ERROR:process_memory_win.cc(73)] ReadMemory at 0x1eeb7b6000 of 6024 bytes failed: Only part of a ReadProcessMemory or WriteProcessMemory request was completed. (0x12B)
[0702/103829.390:ERROR:process_memory_win.cc(73)] ReadMemory at 0x1eeb7b8000 of 6024 bytes failed: Only part of a ReadProcessMemory or WriteProcessMemory request was completed. (0x12B)
[0702/103829.390:ERROR:process_memory_win.cc(73)] ReadMemory at 0x1eeb7ba000 of 6024 bytes failed: Only part of a ReadProcessMemory or WriteProcessMemory request was completed. (0x12B)
[0702/103829.390:ERROR:process_memory_win.cc(73)] ReadMemory at 0x1eeb7bc000 of 6024 bytes failed: Only part of a ReadProcessMemory or WriteProcessMemory request was completed. (0x12B)
[0702/103829.390:ERROR:process_memory_win.cc(73)] ReadMemory at 0x1eeb7be000 of 6024 bytes failed: Only part of a ReadProcessMemory or WriteProcessMemory request was completed. (0x12B)
[0702/103829.390:ERROR:process_memory_win.cc(73)] ReadMemory at 0x1eeb7c0000 of 6024 bytes failed: Only part of a ReadProcessMemory or WriteProcessMemory request was completed. (0x12B)
[0702/103829.391:ERROR:process_memory_win.cc(73)] ReadMemory at 0x1eeb7c2000 of 6024 bytes failed: Only part of a ReadProcessMemory or WriteProcessMemory request was completed. (0x12B)
[0702/103829.391:ERROR:process_memory_win.cc(73)] ReadMemory at 0x1eeb7c4000 of 6024 bytes failed: Only part of a ReadProcessMemory or WriteProcessMemory request was completed. (0x12B)
[0702/103829.391:ERROR:process_memory_win.cc(73)] ReadMemory at 0x1eeb7c6000 of 6024 bytes failed: Only part of a ReadProcessMemory or WriteProcessMemory request was completed. (0x12B)
[0702/103829.391:ERROR:process_memory_win.cc(73)] ReadMemory at 0x1eeb7c8000 of 6024 bytes failed: Only part of a ReadProcessMemory or WriteProcessMemory request was completed. (0x12B)
[0702/103829.391:ERROR:process_memory_win.cc(73)] ReadMemory at 0x1eeb7ca000 of 6024 bytes failed: Only part of a ReadProcessMemory or WriteProcessMemory request was completed. (0x12B)
[0702/103829.391:ERROR:process_memory_win.cc(73)] ReadMemory at 0x1eeb7cc000 of 6024 bytes failed: Only part of a ReadProcessMemory or WriteProcessMemory request was completed. (0x12B)
[0702/103829.391:ERROR:process_memory_win.cc(73)] ReadMemory at 0x1eeb7ce000 of 6024 bytes failed: Only part of a ReadProcessMemory or WriteProcessMemory request was completed. (0x12B)
[0702/103829.391:ERROR:process_memory_win.cc(73)] ReadMemory at 0x1eeb7d0000 of 6024 bytes failed: Only part of a ReadProcessMemory or WriteProcessMemory request was completed. (0x12B)
[0702/103829.391:ERROR:process_memory_win.cc(73)] ReadMemory at 0x1eeb7d2000 of 6024 bytes failed: Only part of a ReadProcessMemory or WriteProcessMemory request was completed. (0x12B)
[0702/103829.391:ERROR:process_memory_win.cc(73)] ReadMemory at 0x1eeb7d4000 of 6024 bytes failed: Only part of a ReadProcessMemory or WriteProcessMemory request was completed. (0x12B)
[0702/103829.391:ERROR:process_memory_win.cc(73)] ReadMemory at 0x1ea00060c40 of 512 bytes failed: Only part of a ReadProcessMemory or WriteProcessMemory request was completed. (0x12B)
[0702/103829.391:ERROR:process_memory_win.cc(73)] ReadMemory at 0x1ea00060f40 of 512 bytes failed: Only part of a ReadProcessMemory or WriteProcessMemory request was completed. (0x12B)
[0702/103829.391:ERROR:process_memory_win.cc(73)] ReadMemory at 0x1ea000b0000 of 384 bytes failed: Only part of a ReadProcessMemory or WriteProcessMemory request was completed. (0x12B)
[0702/103829.391:ERROR:process_memory_win.cc(73)] ReadMemory at 0x1ea000e07b0 of 512 bytes failed: Only part of a ReadProcessMemory or WriteProcessMemory request was completed. (0x12B)
[0702/103829.391:ERROR:process_memory_win.cc(73)] ReadMemory at 0x1ea000eb650 of 512 bytes failed: Only part of a ReadProcessMemory or WriteProcessMemory request was completed. (0x12B)
[0702/103829.392:ERROR:process_memory_win.cc(73)] ReadMemory at 0x1ea000f0bf0 of 512 bytes failed: Only part of a ReadProcessMemory or WriteProcessMemory request was completed. (0x12B)
[0702/103829.392:ERROR:process_memory_win.cc(73)] ReadMemory at 0x1ea000fd820 of 512 bytes failed: Only part of a ReadProcessMemory or WriteProcessMemory request was completed. (0x12B)
[0702/103829.392:ERROR:process_memory_win.cc(73)] ReadMemory at 0x1ea000ff2b0 of 712 bytes failed: Only part of a ReadProcessMemory or WriteProcessMemory request was completed. (0x12B)
[0702/103829.392:ERROR:process_memory_win.cc(73)] ReadMemory at 0x1ea0011e5c0 of 512 bytes failed: Only part of a ReadProcessMemory or WriteProcessMemory request was completed. (0x12B)
[0702/103829.392:ERROR:process_memory_win.cc(73)] ReadMemory at 0x1ea001206e0 of 512 bytes failed: Only part of a ReadProcessMemory or WriteProcessMemory request was completed. (0x12B)
[0702/103829.392:ERROR:process_memory_win.cc(73)] ReadMemory at 0x1ea0014f8c0 of 512 bytes failed: Only part of a ReadProcessMemory or WriteProcessMemory request was completed. (0x12B)
[0702/103829.392:ERROR:process_memory_win.cc(73)] ReadMemory at 0x1ea01a2d590 of 512 bytes failed: Only part of a ReadProcessMemory or WriteProcessMemory request was completed. (0x12B)
[0702/103829.392:ERROR:process_memory_win.cc(73)] ReadMemory at 0x1ea7e820fe0 of 6356 bytes failed: Only part of a ReadProcessMemory or WriteProcessMemory request was completed. (0x12B)
[0702/103829.392:ERROR:process_memory_win.cc(73)] ReadMemory at 0x1ea7e8228c0 of 1012 bytes failed: Only part of a ReadProcessMemory or WriteProcessMemory request was completed. (0x12B)
[0702/103829.392:ERROR:process_memory_win.cc(73)] ReadMemory at 0x1ea7e822f08 of 118 bytes failed: Only part of a ReadProcessMemory or WriteProcessMemory request was completed. (0x12B)
[0702/103829.392:ERROR:process_memory_win.cc(73)] ReadMemory at 0x1ea7e822f80 of 1264 bytes failed: Only part of a ReadProcessMemory or WriteProcessMemory request was completed. (0x12B)
[0702/103829.392:ERROR:process_memory_win.cc(73)] ReadMemory at 0x1ea7e823472 of 118 bytes failed: Only part of a ReadProcessMemory or WriteProcessMemory request was completed. (0x12B)
[0702/103829.392:ERROR:process_memory_win.cc(73)] ReadMemory at 0x1ea7e8234ea of 96 bytes failed: Only part of a ReadProcessMemory or WriteProcessMemory request was completed. (0x12B)
[0702/103829.392:ERROR:process_memory_win.cc(73)] ReadMemory at 0x1ea7e823560 of 58 bytes failed: Only part of a ReadProcessMemory or WriteProcessMemory request was completed. (0x12B)
[0702/103829.392:ERROR:process_memory_win.cc(73)] ReadMemory at 0x1ea7e823660 of 132 bytes failed: Only part of a ReadProcessMemory or WriteProcessMemory request was completed. (0x12B)
[0702/103829.392:ERROR:process_memory_win.cc(73)] ReadMemory at 0x1ea7e8237f0 of 132 bytes failed: Only part of a ReadProcessMemory or WriteProcessMemory request was completed. (0x12B)
[0702/103829.392:ERROR:process_memory_win.cc(73)] ReadMemory at 0x1ea7e8239b0 of 126 bytes failed: Only part of a ReadProcessMemory or WriteProcessMemory request was completed. (0x12B)
[0702/103829.393:ERROR:process_memory_win.cc(73)] ReadMemory at 0x1ea7e823d90 of 132 bytes failed: Only part of a ReadProcessMemory or WriteProcessMemory request was completed. (0x12B)
[0702/103829.393:ERROR:process_memory_win.cc(73)] ReadMemory at 0x1ea7e823f20 of 64 bytes failed: Only part of a ReadProcessMemory or WriteProcessMemory request was completed. (0x12B)
[0702/103829.393:ERROR:process_memory_win.cc(73)] ReadMemory at 0x1ea7e823f70 of 132 bytes failed: Only part of a ReadProcessMemory or WriteProcessMemory request was completed. (0x12B)
[0702/103829.393:ERROR:process_memory_win.cc(73)] ReadMemory at 0x1ea7e8240e0 of 132 bytes failed: Only part of a ReadProcessMemory or WriteProcessMemory request was completed. (0x12B)
[0702/103829.393:ERROR:process_memory_win.cc(73)] ReadMemory at 0x1ea7e824380 of 132 bytes failed: Only part of a ReadProcessMemory or WriteProcessMemory request was completed. (0x12B)
[0702/103829.393:ERROR:process_memory_win.cc(73)] ReadMemory at 0x1ea7e824510 of 68 bytes failed: Only part of a ReadProcessMemory or WriteProcessMemory request was completed. (0x12B)
[0702/103829.393:ERROR:process_memory_win.cc(73)] ReadMemory at 0x1ea7e825600 of 146 bytes failed: Only part of a ReadProcessMemory or WriteProcessMemory request was completed. (0x12B)
[0702/103829.393:ERROR:process_memory_win.cc(73)] ReadMemory at 0x1ea7e8256e0 of 132 bytes failed: Only part of a ReadProcessMemory or WriteProcessMemory request was completed. (0x12B)
[0702/103829.393:ERROR:process_memory_win.cc(73)] ReadMemory at 0x1ea7e825870 of 154 bytes failed: Only part of a ReadProcessMemory or WriteProcessMemory request was completed. (0x12B)
[0702/103829.393:ERROR:process_memory_win.cc(73)] ReadMemory at 0x1ea7e826650 of 62 bytes failed: Only part of a ReadProcessMemory or WriteProcessMemory request was completed. (0x12B)
[0702/103829.393:ERROR:process_memory_win.cc(73)] ReadMemory at 0x1ea7e8266a0 of 132 bytes failed: Only part of a ReadProcessMemory or WriteProcessMemory request was completed. (0x12B)
[0702/103829.393:ERROR:process_memory_win.cc(73)] ReadMemory at 0x1ea7e826c90 of 132 bytes failed: Only part of a ReadProcessMemory or WriteProcessMemory request was completed. (0x12B)
[0702/103829.393:ERROR:process_memory_win.cc(73)] ReadMemory at 0x1ea7e826dc0 of 60 bytes failed: Only part of a ReadProcessMemory or WriteProcessMemory request was completed. (0x12B)
[0702/103829.393:ERROR:process_memory_win.cc(73)] ReadMemory at 0x1ea7e826f8c of 512 bytes failed: Only part of a ReadProcessMemory or WriteProcessMemory request was completed. (0x12B)
[0702/103829.393:ERROR:process_memory_win.cc(73)] ReadMemory at 0x1ea7e82a1f0 of 132 bytes failed: Only part of a ReadProcessMemory or WriteProcessMemory request was completed. (0x12B)
[0702/103829.393:ERROR:process_memory_win.cc(73)] ReadMemory at 0x1ea7e82a320 of 132 bytes failed: Only part of a ReadProcessMemory or WriteProcessMemory request was completed. (0x12B)
[0702/103829.393:ERROR:process_memory_win.cc(73)] ReadMemory at 0x1ea7e82a680 of 132 bytes failed: Only part of a ReadProcessMemory or WriteProcessMemory request was completed. (0x12B)
[0702/103829.394:ERROR:process_memory_win.cc(73)] ReadMemory at 0x1ea7e82a890 of 132 bytes failed: Only part of a ReadProcessMemory or WriteProcessMemory request was completed. (0x12B)
[0702/103829.394:ERROR:process_memory_win.cc(73)] ReadMemory at 0x1ea7e82b660 of 132 bytes failed: Only part of a ReadProcessMemory or WriteProcessMemory request was completed. (0x12B)
[0702/103829.394:ERROR:process_memory_win.cc(73)] ReadMemory at 0x1ea7e82bba0 of 80 bytes failed: Only part of a ReadProcessMemory or WriteProcessMemory request was completed. (0x12B)
[0702/103829.394:ERROR:process_memory_win.cc(73)] ReadMemory at 0x1ea7e82c110 of 66 bytes failed: Only part of a ReadProcessMemory or WriteProcessMemory request was completed. (0x12B)
[0702/103829.394:ERROR:process_memory_win.cc(73)] ReadMemory at 0x1ea7e82c160 of 64 bytes failed: Only part of a ReadProcessMemory or WriteProcessMemory request was completed. (0x12B)
[0702/103829.394:ERROR:process_memory_win.cc(73)] ReadMemory at 0x1ea7e82c200 of 64 bytes failed: Only part of a ReadProcessMemory or WriteProcessMemory request was completed. (0x12B)
[0702/103829.394:ERROR:process_memory_win.cc(73)] ReadMemory at 0x1ea7e82c3e0 of 64 bytes failed: Only part of a ReadProcessMemory or WriteProcessMemory request was completed. (0x12B)
[0702/103829.394:ERROR:process_memory_win.cc(73)] ReadMemory at 0x1ea7e82c4d0 of 62 bytes failed: Only part of a ReadProcessMemory or WriteProcessMemory request was completed. (0x12B)
[0702/103829.394:ERROR:process_memory_win.cc(73)] ReadMemory at 0x1ea7e82c700 of 64 bytes failed: Only part of a ReadProcessMemory or WriteProcessMemory request was completed. (0x12B)
[0702/103829.394:ERROR:process_memory_win.cc(73)] ReadMemory at 0x1ea7e82c750 of 62 bytes failed: Only part of a ReadProcessMemory or WriteProcessMemory request was completed. (0x12B)
[0702/103829.394:ERROR:process_memory_win.cc(73)] ReadMemory at 0x1ea7e82c7a0 of 60 bytes failed: Only part of a ReadProcessMemory or WriteProcessMemory request was completed. (0x12B)
[0702/103829.394:ERROR:process_memory_win.cc(73)] ReadMemory at 0x1ea7e82c840 of 60 bytes failed: Only part of a ReadProcessMemory or WriteProcessMemory request was completed. (0x12B)
[0702/103829.394:ERROR:process_memory_win.cc(73)] ReadMemory at 0x1ea7e82c920 of 132 bytes failed: Only part of a ReadProcessMemory or WriteProcessMemory request was completed. (0x12B)
[0702/103829.394:ERROR:process_memory_win.cc(73)] ReadMemory at 0x1ea7e82ca50 of 132 bytes failed: Only part of a ReadProcessMemory or WriteProcessMemory request was completed. (0x12B)
[0702/103829.394:ERROR:process_memory_win.cc(73)] ReadMemory at 0x1ea7e82cb80 of 132 bytes failed: Only part of a ReadProcessMemory or WriteProcessMemory request was completed. (0x12B)
[0702/103829.394:ERROR:process_memory_win.cc(73)] ReadMemory at 0x1ea7e82ccb0 of 132 bytes failed: Only part of a ReadProcessMemory or WriteProcessMemory request was completed. (0x12B)
[0702/103829.394:ERROR:process_memory_win.cc(73)] ReadMemory at 0x1ea7e82cde0 of 132 bytes failed: Only part of a ReadProcessMemory or WriteProcessMemory request was completed. (0x12B)
[0702/103829.394:ERROR:process_memory_win.cc(73)] ReadMemory at 0x1ea7e82d040 of 132 bytes failed: Only part of a ReadProcessMemory or WriteProcessMemory request was completed. (0x12B)
[0702/103829.394:ERROR:process_memory_win.cc(73)] ReadMemory at 0x1ea7e82d170 of 132 bytes failed: Only part of a ReadProcessMemory or WriteProcessMemory request was completed. (0x12B)
[0702/103829.394:ERROR:process_memory_win.cc(73)] ReadMemory at 0x1ea7e82d2a0 of 132 bytes failed: Only part of a ReadProcessMemory or WriteProcessMemory request was completed. (0x12B)
[0702/103829.395:ERROR:process_memory_win.cc(73)] ReadMemory at 0x1ea7e82d3d0 of 132 bytes failed: Only part of a ReadProcessMemory or WriteProcessMemory request was completed. (0x12B)
[0702/103829.395:ERROR:process_memory_win.cc(73)] ReadMemory at 0x1ea7e82d500 of 132 bytes failed: Only part of a ReadProcessMemory or WriteProcessMemory request was completed. (0x12B)
[0702/103829.395:ERROR:process_memory_win.cc(73)] ReadMemory at 0x1ea7e82d630 of 132 bytes failed: Only part of a ReadProcessMemory or WriteProcessMemory request was completed. (0x12B)
[0702/103829.395:ERROR:process_memory_win.cc(73)] ReadMemory at 0x1ea7e82d760 of 132 bytes failed: Only part of a ReadProcessMemory or WriteProcessMemory request was completed. (0x12B)
[0702/103829.395:ERROR:process_memory_win.cc(73)] ReadMemory at 0x1ea7e82fd60 of 132 bytes failed: Only part of a ReadProcessMemory or WriteProcessMemory request was completed. (0x12B)
[0702/103829.395:ERROR:process_memory_win.cc(73)] ReadMemory at 0x1ea7e830e10 of 54 bytes failed: Only part of a ReadProcessMemory or WriteProcessMemory request was completed. (0x12B)
[0702/103829.395:ERROR:process_memory_win.cc(73)] ReadMemory at 0x1ea7e833430 of 132 bytes failed: Only part of a ReadProcessMemory or WriteProcessMemory request was completed. (0x12B)
[0702/103829.395:ERROR:process_memory_win.cc(73)] ReadMemory at 0x1ea7e833560 of 132 bytes failed: Only part of a ReadProcessMemory or WriteProcessMemory request was completed. (0x12B)
[0702/103829.395:ERROR:process_memory_win.cc(73)] ReadMemory at 0x1ea7e8354d0 of 76 bytes failed: Only part of a ReadProcessMemory or WriteProcessMemory request was completed. (0x12B)
[0702/103829.395:ERROR:process_memory_win.cc(73)] ReadMemory at 0x1ea7e8355f0 of 78 bytes failed: Only part of a ReadProcessMemory or WriteProcessMemory request was completed. (0x12B)
[0702/103829.395:ERROR:process_memory_win.cc(73)] ReadMemory at 0x1ea7e835bf0 of 80 bytes failed: Only part of a ReadProcessMemory or WriteProcessMemory request was completed. (0x12B)
[0702/103829.395:ERROR:process_memory_win.cc(73)] ReadMemory at 0x1ea7e836270 of 64 bytes failed: Only part of a ReadProcessMemory or WriteProcessMemory request was completed. (0x12B)
[0702/103829.395:ERROR:process_memory_win.cc(73)] ReadMemory at 0x1ea7e836360 of 62 bytes failed: Only part of a ReadProcessMemory or WriteProcessMemory request was completed. (0x12B)
[0702/103829.395:ERROR:process_memory_win.cc(73)] ReadMemory at 0x1ea7e8365e0 of 60 bytes failed: Only part of a ReadProcessMemory or WriteProcessMemory request was completed. (0x12B)
[0702/103829.395:ERROR:process_memory_win.cc(73)] ReadMemory at 0x1ea7e836630 of 64 bytes failed: Only part of a ReadProcessMemory or WriteProcessMemory request was completed. (0x12B)
[0702/103829.395:ERROR:process_memory_win.cc(73)] ReadMemory at 0x1ea7e836720 of 62 bytes failed: Only part of a ReadProcessMemory or WriteProcessMemory request was completed. (0x12B)
[0702/103829.395:ERROR:process_memory_win.cc(73)] ReadMemory at 0x1ea7e836770 of 62 bytes failed: Only part of a ReadProcessMemory or WriteProcessMemory request was completed. (0x12B)
[0702/103829.395:ERROR:process_memory_win.cc(73)] ReadMemory at 0x1ea7e8367c0 of 60 bytes failed: Only part of a ReadProcessMemory or WriteProcessMemory request was completed. (0x12B)
[0702/103829.396:ERROR:process_memory_win.cc(73)] ReadMemory at 0x1ea7e836810 of 62 bytes failed: Only part of a ReadProcessMemory or WriteProcessMemory request was completed. (0x12B)
[0702/103829.396:ERROR:process_memory_win.cc(73)] ReadMemory at 0x1ea7e8368b0 of 62 bytes failed: Only part of a ReadProcessMemory or WriteProcessMemory request was completed. (0x12B)
[0702/103829.396:ERROR:process_memory_win.cc(73)] ReadMemory at 0x1ea7e836900 of 64 bytes failed: Only part of a ReadProcessMemory or WriteProcessMemory request was completed. (0x12B)
[0702/103829.396:ERROR:process_memory_win.cc(73)] ReadMemory at 0x1ea7e8369a0 of 66 bytes failed: Only part of a ReadProcessMemory or WriteProcessMemory request was completed. (0x12B)
[0702/103829.396:ERROR:process_memory_win.cc(73)] ReadMemory at 0x1ea7e836ae0 of 60 bytes failed: Only part of a ReadProcessMemory or WriteProcessMemory request was completed. (0x12B)
[0702/103829.396:ERROR:process_memory_win.cc(73)] ReadMemory at 0x1ea7e836b30 of 58 bytes failed: Only part of a ReadProcessMemory or WriteProcessMemory request was completed. (0x12B)
[0702/103829.396:ERROR:process_memory_win.cc(73)] ReadMemory at 0x1ea7e836bd0 of 62 bytes failed: Only part of a ReadProcessMemory or WriteProcessMemory request was completed. (0x12B)
[0702/103829.396:ERROR:process_memory_win.cc(73)] ReadMemory at 0x1ea7e836db0 of 64 bytes failed: Only part of a ReadProcessMemory or WriteProcessMemory request was completed. (0x12B)
[0702/103829.396:ERROR:process_memory_win.cc(73)] ReadMemory at 0x1ea7e836e00 of 60 bytes failed: Only part of a ReadProcessMemory or WriteProcessMemory request was completed. (0x12B)
[0702/103829.396:ERROR:process_memory_win.cc(73)] ReadMemory at 0x1ea7e836ef0 of 62 bytes failed: Only part of a ReadProcessMemory or WriteProcessMemory request was completed. (0x12B)
[0702/103829.396:ERROR:process_memory_win.cc(73)] ReadMemory at 0x1ea7e837030 of 62 bytes failed: Only part of a ReadProcessMemory or WriteProcessMemory request was completed. (0x12B)
[0702/103829.396:ERROR:process_memory_win.cc(73)] ReadMemory at 0x1ea7e837190 of 132 bytes failed: Only part of a ReadProcessMemory or WriteProcessMemory request was completed. (0x12B)
[0702/103829.396:ERROR:process_memory_win.cc(73)] ReadMemory at 0x1ea7e8372c0 of 132 bytes failed: Only part of a ReadProcessMemory or WriteProcessMemory request was completed. (0x12B)
[0702/103829.396:ERROR:process_memory_win.cc(73)] ReadMemory at 0x1ea7e837650 of 132 bytes failed: Only part of a ReadProcessMemory or WriteProcessMemory request was completed. (0x12B)
[0702/103829.396:ERROR:process_memory_win.cc(73)] ReadMemory at 0x1ea7e837780 of 132 bytes failed: Only part of a ReadProcessMemory or WriteProcessMemory request was completed. (0x12B)
[0702/103829.396:ERROR:process_memory_win.cc(73)] ReadMemory at 0x1ea7e8378b0 of 132 bytes failed: Only part of a ReadProcessMemory or WriteProcessMemory request was completed. (0x12B)
[0702/103829.396:ERROR:process_memory_win.cc(73)] ReadMemory at 0x1ea7e8379e0 of 132 bytes failed: Only part of a ReadProcessMemory or WriteProcessMemory request was completed. (0x12B)
[0702/103829.396:ERROR:process_memory_win.cc(73)] ReadMemory at 0x1ea7e837c40 of 132 bytes failed: Only part of a ReadProcessMemory or WriteProcessMemory request was completed. (0x12B)
[0702/103829.397:ERROR:process_memory_win.cc(73)] ReadMemory at 0x1ea7e837d70 of 132 bytes failed: Only part of a ReadProcessMemory or WriteProcessMemory request was completed. (0x12B)
[0702/103829.397:ERROR:process_memory_win.cc(73)] ReadMemory at 0x1ea7e837ea0 of 132 bytes failed: Only part of a ReadProcessMemory or WriteProcessMemory request was completed. (0x12B)
[0702/103829.397:ERROR:process_memory_win.cc(73)] ReadMemory at 0x1ea7e837fd0 of 132 bytes failed: Only part of a ReadProcessMemory or WriteProcessMemory request was completed. (0x12B)
[0702/103829.397:ERROR:process_memory_win.cc(73)] ReadMemory at 0x1ea7e838100 of 132 bytes failed: Only part of a ReadProcessMemory or WriteProcessMemory request was completed. (0x12B)
[0702/103829.397:ERROR:process_memory_win.cc(73)] ReadMemory at 0x1ea7e838230 of 132 bytes failed: Only part of a ReadProcessMemory or WriteProcessMemory request was completed. (0x12B)
[0702/103829.397:ERROR:process_memory_win.cc(73)] ReadMemory at 0x1ea7e838360 of 132 bytes failed: Only part of a ReadProcessMemory or WriteProcessMemory request was completed. (0x12B)
[0702/103829.397:ERROR:process_memory_win.cc(73)] ReadMemory at 0x1ea7e838490 of 132 bytes failed: Only part of a ReadProcessMemory or WriteProcessMemory request was completed. (0x12B)
[0702/103829.397:ERROR:process_memory_win.cc(73)] ReadMemory at 0x1ea7e8386f0 of 132 bytes failed: Only part of a ReadProcessMemory or WriteProcessMemory request was completed. (0x12B)
[0702/103829.397:ERROR:process_memory_win.cc(73)] ReadMemory at 0x1ea7e838950 of 132 bytes failed: Only part of a ReadProcessMemory or WriteProcessMemory request was completed. (0x12B)
[0702/103829.397:ERROR:process_memory_win.cc(73)] ReadMemory at 0x1ea7e838a80 of 132 bytes failed: Only part of a ReadProcessMemory or WriteProcessMemory request was completed. (0x12B)
[0702/103829.397:ERROR:process_memory_win.cc(73)] ReadMemory at 0x1ea7e838bb0 of 132 bytes failed: Only part of a ReadProcessMemory or WriteProcessMemory request was completed. (0x12B)
[0702/103829.397:ERROR:process_memory_win.cc(73)] ReadMemory at 0x1ea7e838ce0 of 132 bytes failed: Only part of a ReadProcessMemory or WriteProcessMemory request was completed. (0x12B)
[0702/103829.397:ERROR:process_memory_win.cc(73)] ReadMemory at 0x1ea7e838e10 of 132 bytes failed: Only part of a ReadProcessMemory or WriteProcessMemory request was completed. (0x12B)
[0702/103829.397:ERROR:process_memory_win.cc(73)] ReadMemory at 0x1ea7e838f40 of 132 bytes failed: Only part of a ReadProcessMemory or WriteProcessMemory request was completed. (0x12B)
[0702/103829.397:ERROR:process_memory_win.cc(73)] ReadMemory at 0x1ea7e84a970 of 60 bytes failed: Only part of a ReadProcessMemory or WriteProcessMemory request was completed. (0x12B)
[0702/103829.397:ERROR:process_memory_win.cc(73)] ReadMemory at 0x1ea7e84add0 of 58 bytes failed: Only part of a ReadProcessMemory or WriteProcessMemory request was completed. (0x12B)
[0702/103829.397:ERROR:process_memory_win.cc(73)] ReadMemory at 0x1ea7e84af60 of 62 bytes failed: Only part of a ReadProcessMemory or WriteProcessMemory request was completed. (0x12B)
[0702/103829.397:ERROR:process_memory_win.cc(73)] ReadMemory at 0x1ea7e84b190 of 58 bytes failed: Only part of a ReadProcessMemory or WriteProcessMemory request was completed. (0x12B)
[0702/103829.397:ERROR:process_memory_win.cc(73)] ReadMemory at 0x1ea7e84b230 of 62 bytes failed: Only part of a ReadProcessMemory or WriteProcessMemory request was completed. (0x12B)
[0702/103829.397:ERROR:process_memory_win.cc(73)] ReadMemory at 0x1ea7e84b370 of 66 bytes failed: Only part of a ReadProcessMemory or WriteProcessMemory request was completed. (0x12B)
[0702/103829.397:ERROR:process_memory_win.cc(73)] ReadMemory at 0x1ea7e84b730 of 62 bytes failed: Only part of a ReadProcessMemory or WriteProcessMemory request was completed. (0x12B)
[0702/103829.398:ERROR:process_memory_win.cc(73)] ReadMemory at 0x1ea7e84b780 of 58 bytes failed: Only part of a ReadProcessMemory or WriteProcessMemory request was completed. (0x12B)
[0702/103829.398:ERROR:process_memory_win.cc(73)] ReadMemory at 0x1ea7e84b820 of 64 bytes failed: Only part of a ReadProcessMemory or WriteProcessMemory request was completed. (0x12B)
[0702/103829.398:ERROR:process_memory_win.cc(73)] ReadMemory at 0x1ea7e84b870 of 60 bytes failed: Only part of a ReadProcessMemory or WriteProcessMemory request was completed. (0x12B)
[0702/103829.398:ERROR:process_memory_win.cc(73)] ReadMemory at 0x1ea7e851950 of 512 bytes failed: Only part of a ReadProcessMemory or WriteProcessMemory request was completed. (0x12B)
[0702/103829.398:ERROR:process_memory_win.cc(73)] ReadMemory at 0x1ea7e859ab0 of 512 bytes failed: Only part of a ReadProcessMemory or WriteProcessMemory request was completed. (0x12B)
[0702/103829.398:ERROR:process_memory_win.cc(73)] ReadMemory at 0x10062e28ca28 of 512 bytes failed: Only part of a ReadProcessMemory or WriteProcessMemory request was completed. (0x12B)
[0702/103829.398:ERROR:process_memory_win.cc(73)] ReadMemory at 0x691208585f5c of 512 bytes failed: Only part of a ReadProcessMemory or WriteProcessMemory request was completed. (0x12B)
[0702/103829.398:ERROR:process_memory_win.cc(73)] ReadMemory at 0x6912086ecf6c of 512 bytes failed: Only part of a ReadProcessMemory or WriteProcessMemory request was completed. (0x12B)
[0702/103829.398:ERROR:process_memory_win.cc(73)] ReadMemory at 0x7fff8e898cfc of 512 bytes failed: Only part of a ReadProcessMemory or WriteProcessMemory request was completed. (0x12B)
[0702/103829.398:ERROR:process_memory_win.cc(73)] ReadMemory at 0x7fff8f7c67e1 of 512 bytes failed: Only part of a ReadProcessMemory or WriteProcessMemory request was completed. (0x12B)
[0702/103829.398:ERROR:process_memory_win.cc(73)] ReadMemory at 0x7fff93a1a568 of 512 bytes failed: Only part of a ReadProcessMemory or WriteProcessMemory request was completed. (0x12B)
[0702/103829.398:ERROR:process_memory_win.cc(73)] ReadMemory at 0x7fffda35c6e0 of 512 bytes failed: Only part of a ReadProcessMemory or WriteProcessMemory request was completed. (0x12B)
[0702/103829.398:ERROR:process_memory_win.cc(73)] ReadMemory at 0x7fffdd1fc074 of 672 bytes failed: Only part of a ReadProcessMemory or WriteProcessMemory request was completed. (0x12B)
[0702/103829.398:ERROR:process_memory_win.cc(73)] ReadMemory at 0x7fffdd1fc674 of 512 bytes failed: Only part of a ReadProcessMemory or WriteProcessMemory request was completed. (0x12B)
[0702/103829.398:ERROR:process_memory_win.cc(73)] ReadMemory at 0x7fffdd1ff924 of 608 bytes failed: Only part of a ReadProcessMemory or WriteProcessMemory request was completed. (0x12B)
[0702/103829.398:ERROR:process_memory_win.cc(73)] ReadMemory at 0x7fffdd28c428 of 18 bytes failed: Only part of a ReadProcessMemory or WriteProcessMemory request was completed. (0x12B)
[0702/103829.398:ERROR:process_memory_win.cc(73)] ReadMemory at 0x7fffdd2bf4f8 of 40 bytes failed: Only part of a ReadProcessMemory or WriteProcessMemory request was completed. (0x12B)
[0702/103829.398:ERROR:process_memory_win.cc(73)] ReadMemory at 0x7fffdd2bf978 of 48 bytes failed: Only part of a ReadProcessMemory or WriteProcessMemory request was completed. (0x12B)
[0702/103829.398:ERROR:process_memory_win.cc(73)] ReadMemory at 0x7fffdd2c53c0 of 64 bytes failed: Only part of a ReadProcessMemory or WriteProcessMemory request was completed. (0x12B)
[0702/103829.400:ERROR:scoped_process_suspend.cc(40)] NtResumeProcess: An attempt was made to access an exiting process. (0xc000010a)
